<?xml version="1.0" encoding="UTF-8"?>
<testsuites>
  <testsuite name="login and signup" timestamp="2021-05-14T15:40:28" time="5.306" tests="1" failures="1" errors="1" skipped="0">
    <properties>
      <property name="specId" value="0"/>
      <property name="suiteName" value="login and signup"/>
      <property name="capabilities" value="iphone11.ios.14_0.ios-simulator-nativedemoapp-0_2_1_app"/>
      <property name="file" value="./test/specs/ios.e2e.js"/>
    </properties>
    <testcase classname="iphone11.ios.14_0.ios-simulator-nativedemoapp-0_2_1_app.login and signup" name="login account" time="5.304">
      <failure/>
      <error message="email.setValue is not a function"/>
      <system-out><![CDATA[
COMMAND: POST /session/9c81ae5c-a676-4747-bfa3-2db7bd26ede0/appium/app/launch - {}
RESULT: {}
COMMAND: POST /session/9c81ae5c-a676-4747-bfa3-2db7bd26ede0/element - {"using":"xpath","value":"//XCUIElementTypeOther[@name=\"Login\"]"}
RESULT: {"using":"xpath","value":"//XCUIElementTypeOther[@name=\"Login\"]"}
COMMAND: POST /session/9c81ae5c-a676-4747-bfa3-2db7bd26ede0/element/12000000-0000-0000-8A41-000000000000/click - {}
RESULT: {}
COMMAND: DELETE /session/9c81ae5c-a676-4747-bfa3-2db7bd26ede0 - {}
RESULT: {}
]]></system-out>
      <system-err><![CDATA[
TypeError: email.setValue is not a function
    at LoginPage.login (/Users/myjing/Documents/AppUI-AutoTest/test/pageobjects/ios.login.page.js:25:15)
    at Context.<anonymous> (/Users/myjing/Documents/AppUI-AutoTest/test/specs/ios.e2e.js:11:19)
]]></system-err>
    </testcase>
  </testsuite>
</testsuites>